

Microchip MPLAB XC8 Assembler V2.10 build 88905656 
                                                                                               Sat Oct 26 14:34:03 2019

Microchip MPLAB XC8 C Compiler v2.10 (Free license) build 20190730164152 Og1 
     1                           	processor	16F628A
     2                           	opt	pw 120
     3                           	opt	flic
     4                           	psect	cinit,global,class=CODE,merge=1,delta=2
     5                           	psect	cstackCOMMON,global,class=COMMON,space=1,delta=1
     6                           	psect	maintext,global,class=CODE,split=1,delta=2
     7                           	psect	text1,local,class=CODE,merge=1,delta=2
     8                           	psect	text2,local,class=CODE,merge=1,delta=2
     9                           	dabs	1,0x7E,2
    10  0000                     
    11                           ; Version 2.10
    12                           ; Generated 31/07/2019 GMT
    13                           ; 
    14                           ; Copyright © 2019, Microchip Technology Inc. and its subsidiaries ("Microchip")
    15                           ; All rights reserved.
    16                           ; 
    17                           ; This software is developed by Microchip Technology Inc. and its subsidiaries ("Microch
      +                          ip").
    18                           ; 
    19                           ; Redistribution and use in source and binary forms, with or without modification, are
    20                           ; permitted provided that the following conditions are met:
    21                           ; 
    22                           ;     1. Redistributions of source code must retain the above copyright notice, this lis
      +                          t of
    23                           ;        conditions and the following disclaimer.
    24                           ; 
    25                           ;     2. Redistributions in binary form must reproduce the above copyright notice, this 
      +                          list
    26                           ;        of conditions and the following disclaimer in the documentation and/or other
    27                           ;        materials provided with the distribution.
    28                           ; 
    29                           ;     3. Microchip's name may not be used to endorse or promote products derived from th
      +                          is
    30                           ;        software without specific prior written permission.
    31                           ; 
    32                           ; THIS SOFTWARE IS PROVIDED BY MICROCHIP "AS IS" AND ANY EXPRESS OR IMPLIED WARRANTIES,
    33                           ; INCLUDING, BUT NOT LIMITED TO, THE IMPLIED WARRANTIES OF MERCHANTABILITY AND FITNESS F
      +                          OR
    34                           ; PURPOSE ARE DISCLAIMED.  IN NO EVENT SHALL MICROCHIP BE LIABLE FOR ANY DIRECT, INDIREC
      +                          T,
    35                           ; INCIDENTAL, SPECIAL, EXEMPLARY, OR CONSEQUENTIAL DAMAGES (INCLUDING BUT NOT LIMITED TO
    36                           ; PROCUREMENT OF SUBSTITUTE GOODS OR SERVICES; LOSS OF USE, DATA OR PROFITS; OR BUSINESS
    37                           ; INTERRUPTION) HOWSOEVER CAUSED AND ON ANY THEORY OF LIABILITY, WHETHER IN CONTRACT, ST
      +                          RICT
    38                           ; LIABILITY, OR TORT (INCLUDING NEGLIGENCE OR OTHERWISE) ARISING IN ANY WAY OUT OF THE U
      +                          SE OF
    39                           ; THIS SOFTWARE, EVEN IF ADVISED OF THE POSSIBILITY OF SUCH DAMAGE.
    40                           ; 
    41                           ; 
    42                           ; Code-generator required, PIC16F628A Definitions
    43                           ; 
    44                           ; SFR Addresses
    45  0000                     	;# 
    46  0001                     	;# 
    47  0002                     	;# 
    48  0003                     	;# 
    49  0004                     	;# 
    50  0005                     	;# 
    51  0006                     	;# 
    52  000A                     	;# 
    53  000B                     	;# 
    54  000C                     	;# 
    55  000E                     	;# 
    56  000E                     	;# 
    57  000F                     	;# 
    58  0010                     	;# 
    59  0011                     	;# 
    60  0012                     	;# 
    61  0015                     	;# 
    62  0015                     	;# 
    63  0016                     	;# 
    64  0017                     	;# 
    65  0018                     	;# 
    66  0019                     	;# 
    67  001A                     	;# 
    68  001F                     	;# 
    69  0081                     	;# 
    70  0085                     	;# 
    71  0086                     	;# 
    72  008C                     	;# 
    73  008E                     	;# 
    74  0092                     	;# 
    75  0098                     	;# 
    76  0099                     	;# 
    77  009A                     	;# 
    78  009B                     	;# 
    79  009C                     	;# 
    80  009D                     	;# 
    81  009F                     	;# 
    82  0000                     	;# 
    83  0001                     	;# 
    84  0002                     	;# 
    85  0003                     	;# 
    86  0004                     	;# 
    87  0005                     	;# 
    88  0006                     	;# 
    89  000A                     	;# 
    90  000B                     	;# 
    91  000C                     	;# 
    92  000E                     	;# 
    93  000E                     	;# 
    94  000F                     	;# 
    95  0010                     	;# 
    96  0011                     	;# 
    97  0012                     	;# 
    98  0015                     	;# 
    99  0015                     	;# 
   100  0016                     	;# 
   101  0017                     	;# 
   102  0018                     	;# 
   103  0019                     	;# 
   104  001A                     	;# 
   105  001F                     	;# 
   106  0081                     	;# 
   107  0085                     	;# 
   108  0086                     	;# 
   109  008C                     	;# 
   110  008E                     	;# 
   111  0092                     	;# 
   112  0098                     	;# 
   113  0099                     	;# 
   114  009A                     	;# 
   115  009B                     	;# 
   116  009C                     	;# 
   117  009D                     	;# 
   118  009F                     	;# 
   119  0017                     _CCP1CONbits	set	23
   120  0012                     _T2CONbits	set	18
   121  0010                     _T1CONbits	set	16
   122  000B                     _INTCONbits	set	11
   123  0006                     _PORTB	set	6
   124  0005                     _PORTA	set	5
   125  001F                     _CMCONbits	set	31
   126  0086                     _TRISB	set	134
   127  0081                     _OPTION_REGbits	set	129
   128  0085                     _TRISA	set	133
   129  009F                     _VRCONbits	set	159
   130                           
   131                           	psect	cinit
   132  07FE                     start_initialization:	
   133                           ; #config settings
   134                           
   135  07FE                     __initialization:	
   136  07FE                     end_of_initialization:	
   137                           ;End of C runtime variable initialization code
   138                           
   139  07FE                     __end_of__initialization:	
   140  07FE  0183               	clrf	3
   141  07FF  2FEF               	ljmp	_main	;jump to C main() function
   142                           
   143                           	psect	cstackCOMMON
   144  0070                     __pcstackCOMMON:	
   145  0070                     ?_porta_A_config:	
   146  0070                     ?_porta_B_config:	
   147                           ; 1 bytes @ 0x0
   148                           
   149  0070                     ?_main:	
   150                           ; 1 bytes @ 0x0
   151                           
   152  0070                     porta_A_config@tris:	
   153                           ; 1 bytes @ 0x0
   154                           
   155  0070                     porta_B_config@tris:	
   156                           ; 2 bytes @ 0x0
   157                           
   158                           
   159                           ; 2 bytes @ 0x0
   160  0070                     	ds	2
   161  0072                     porta_A_config@port:	
   162  0072                     porta_B_config@port:	
   163                           ; 2 bytes @ 0x2
   164                           
   165                           
   166                           ; 2 bytes @ 0x2
   167  0072                     	ds	2
   168  0074                     ??_porta_A_config:	
   169  0074                     ??_porta_B_config:	
   170                           ; 1 bytes @ 0x4
   171                           
   172  0074                     ??_main:	
   173                           ; 1 bytes @ 0x4
   174                           
   175                           
   176                           	psect	maintext
   177  07EF                     __pmaintext:	
   178                           ; 1 bytes @ 0x4
   179 ;;
   180 ;;Main: autosize = 0, tempsize = 0, incstack = 0, save=0
   181 ;;
   182 ;; *************** function _main *****************
   183 ;; Defined at:
   184 ;;		line 14 in file "main.c"
   185 ;; Parameters:    Size  Location     Type
   186 ;;		None
   187 ;; Auto vars:     Size  Location     Type
   188 ;;		None
   189 ;; Return value:  Size  Location     Type
   190 ;;                  1    wreg      void 
   191 ;; Registers used:
   192 ;;		wreg, status,2, status,0, pclath, cstack
   193 ;; Tracked objects:
   194 ;;		On entry : B00/0
   195 ;;		On exit  : 0/0
   196 ;;		Unchanged: 0/0
   197 ;; Data sizes:     COMMON   BANK0   BANK1   BANK2
   198 ;;      Params:         0       0       0       0
   199 ;;      Locals:         0       0       0       0
   200 ;;      Temps:          0       0       0       0
   201 ;;      Totals:         0       0       0       0
   202 ;;Total ram usage:        0 bytes
   203 ;; Hardware stack levels required when called:    1
   204 ;; This function calls:
   205 ;;		_porta_A_config
   206 ;;		_porta_B_config
   207 ;; This function is called by:
   208 ;;		Startup code after reset
   209 ;; This function uses a non-reentrant model
   210 ;;
   211                           
   212                           
   213                           ;psect for function _main
   214  07EF                     _main:	
   215  07EF                     l685:	
   216                           ;incstack = 0
   217                           ; Regs used in _main: [wreg+status,2+status,0+pclath+cstack]
   218                           
   219                           
   220                           ;main.c: 16:     porta_A_config(0b00000000,0b00000000);
   221  07EF  3000               	movlw	0
   222  07F0  00F0               	movwf	porta_A_config@tris
   223  07F1  00F1               	movwf	porta_A_config@tris+1
   224  07F2  3000               	movlw	0
   225  07F3  00F2               	movwf	porta_A_config@port
   226  07F4  00F3               	movwf	porta_A_config@port+1
   227  07F5  27E1               	fcall	_porta_A_config
   228                           
   229                           ;main.c: 17:     porta_B_config(0b00000000,0b00000000);
   230  07F6  3000               	movlw	0
   231  07F7  00F0               	movwf	porta_B_config@tris
   232  07F8  00F1               	movwf	porta_B_config@tris+1
   233  07F9  3000               	movlw	0
   234  07FA  00F2               	movwf	porta_B_config@port
   235  07FB  00F3               	movwf	porta_B_config@port+1
   236  07FC  27D7               	fcall	_porta_B_config
   237  07FD                     l45:	
   238  07FD  2800               	ljmp	start
   239  07FE                     __end_of_main:	
   240                           
   241                           	psect	text1
   242  07D7                     __ptext1:	
   243 ;; *************** function _porta_B_config *****************
   244 ;; Defined at:
   245 ;;		line 155 in file "./16F6_27_28_48_A.h"
   246 ;; Parameters:    Size  Location     Type
   247 ;;  tris            2    0[COMMON] int 
   248 ;;  port            2    2[COMMON] int 
   249 ;; Auto vars:     Size  Location     Type
   250 ;;		None
   251 ;; Return value:  Size  Location     Type
   252 ;;                  1    wreg      void 
   253 ;; Registers used:
   254 ;;		wreg
   255 ;; Tracked objects:
   256 ;;		On entry : 0/0
   257 ;;		On exit  : 0/0
   258 ;;		Unchanged: 0/0
   259 ;; Data sizes:     COMMON   BANK0   BANK1   BANK2
   260 ;;      Params:         4       0       0       0
   261 ;;      Locals:         0       0       0       0
   262 ;;      Temps:          0       0       0       0
   263 ;;      Totals:         4       0       0       0
   264 ;;Total ram usage:        4 bytes
   265 ;; Hardware stack levels used:    1
   266 ;; This function calls:
   267 ;;		Nothing
   268 ;; This function is called by:
   269 ;;		_main
   270 ;; This function uses a non-reentrant model
   271 ;;
   272                           
   273                           
   274                           ;psect for function _porta_B_config
   275  07D7                     _porta_B_config:	
   276  07D7                     l681:	
   277                           ;incstack = 0
   278                           ; Regs used in _porta_B_config: [wreg]
   279                           
   280                           
   281                           ;./16F6_27_28_48_A.h: 157:     OPTION_REGbits.nRBPU = 1;
   282  07D7  1683               	bsf	3,5	;RP0=1, select bank1
   283  07D8  1303               	bcf	3,6	;RP1=0, select bank1
   284  07D9  1781               	bsf	1,7	;volatile
   285  07DA                     l683:	
   286                           
   287                           ;./16F6_27_28_48_A.h: 158:     TRISB = tris;
   288  07DA  0870               	movf	porta_B_config@tris,w
   289  07DB  0086               	movwf	6	;volatile
   290                           
   291                           ;./16F6_27_28_48_A.h: 159:     PORTB = port;
   292  07DC  0872               	movf	porta_B_config@port,w
   293  07DD  1283               	bcf	3,5	;RP0=0, select bank0
   294  07DE  1303               	bcf	3,6	;RP1=0, select bank0
   295  07DF  0086               	movwf	6	;volatile
   296  07E0                     l28:	
   297  07E0  0008               	return
   298  07E1                     __end_of_porta_B_config:	
   299                           
   300                           	psect	text2
   301  07E1                     __ptext2:	
   302 ;; *************** function _porta_A_config *****************
   303 ;; Defined at:
   304 ;;		line 146 in file "./16F6_27_28_48_A.h"
   305 ;; Parameters:    Size  Location     Type
   306 ;;  tris            2    0[COMMON] int 
   307 ;;  port            2    2[COMMON] int 
   308 ;; Auto vars:     Size  Location     Type
   309 ;;		None
   310 ;; Return value:  Size  Location     Type
   311 ;;                  1    wreg      void 
   312 ;; Registers used:
   313 ;;		wreg, status,2, status,0
   314 ;; Tracked objects:
   315 ;;		On entry : 0/0
   316 ;;		On exit  : 0/0
   317 ;;		Unchanged: 0/0
   318 ;; Data sizes:     COMMON   BANK0   BANK1   BANK2
   319 ;;      Params:         4       0       0       0
   320 ;;      Locals:         0       0       0       0
   321 ;;      Temps:          0       0       0       0
   322 ;;      Totals:         4       0       0       0
   323 ;;Total ram usage:        4 bytes
   324 ;; Hardware stack levels used:    1
   325 ;; This function calls:
   326 ;;		Nothing
   327 ;; This function is called by:
   328 ;;		_main
   329 ;; This function uses a non-reentrant model
   330 ;;
   331                           
   332                           
   333                           ;psect for function _porta_A_config
   334  07E1                     _porta_A_config:	
   335  07E1                     l673:	
   336                           ;incstack = 0
   337                           ; Regs used in _porta_A_config: [wreg+status,2+status,0]
   338                           
   339                           
   340                           ;./16F6_27_28_48_A.h: 148:     CMCONbits.CM = 7;
   341  07E1  3007               	movlw	7
   342  07E2  1283               	bcf	3,5	;RP0=0, select bank0
   343  07E3  1303               	bcf	3,6	;RP1=0, select bank0
   344  07E4  049F               	iorwf	31,f	;volatile
   345  07E5                     l675:	
   346                           
   347                           ;./16F6_27_28_48_A.h: 149:     VRCONbits.VROE = 0;
   348  07E5  1683               	bsf	3,5	;RP0=1, select bank1
   349  07E6  1303               	bcf	3,6	;RP1=0, select bank1
   350  07E7  131F               	bcf	31,6	;volatile
   351  07E8                     l677:	
   352                           
   353                           ;./16F6_27_28_48_A.h: 150:     TRISA = tris;
   354  07E8  0870               	movf	porta_A_config@tris,w
   355  07E9  0085               	movwf	5	;volatile
   356  07EA                     l679:	
   357                           
   358                           ;./16F6_27_28_48_A.h: 151:     PORTA = port;
   359  07EA  0872               	movf	porta_A_config@port,w
   360  07EB  1283               	bcf	3,5	;RP0=0, select bank0
   361  07EC  1303               	bcf	3,6	;RP1=0, select bank0
   362  07ED  0085               	movwf	5	;volatile
   363  07EE                     l25:	
   364  07EE  0008               	return
   365  07EF                     __end_of_porta_A_config:	
   366  007E                     btemp	set	126	;btemp
   367  007E                     wtemp0	set	126


Data Sizes:
    Strings     0
    Constant    0
    Data        0
    BSS         0
    Persistent  0
    Stack       0

Auto Spaces:
    Space          Size  Autos    Used
    COMMON           14      4       4
    BANK0            80      0       0
    BANK1            80      0       0
    BANK2            48      0       0

Pointer List with Targets:

    None.

Critical Paths under _main in COMMON

    _main->_porta_A_config
    _main->_porta_B_config

Critical Paths under _main in BANK0

    None.

Critical Paths under _main in BANK1

    None.

Critical Paths under _main in BANK2

    None.

Call Graph Tables:

 ---------------------------------------------------------------------------------
 (Depth) Function   	        Calls       Base Space   Used Autos Params    Refs
 ---------------------------------------------------------------------------------
 (0) _main                                                 0     0      0     392
                     _porta_A_config
                     _porta_B_config
 ---------------------------------------------------------------------------------
 (1) _porta_B_config                                       4     0      4     196
                                              0 COMMON     4     0      4
 ---------------------------------------------------------------------------------
 (1) _porta_A_config                                       4     0      4     196
                                              0 COMMON     4     0      4
 ---------------------------------------------------------------------------------
 Estimated maximum stack depth 1
 ---------------------------------------------------------------------------------

 Call Graph Graphs:

 _main (ROOT)
   _porta_A_config
   _porta_B_config

 Address spaces:
Name               Size   Autos  Total    Cost      Usage
BITCOMMON            E      0       0       0        0.0%
EEDATA              80      0       0       0        0.0%
NULL                 0      0       0       0        0.0%
CODE                 0      0       0       0        0.0%
COMMON               E      4       4       1       28.6%
BITSFR0              0      0       0       1        0.0%
SFR0                 0      0       0       1        0.0%
BITSFR1              0      0       0       2        0.0%
SFR1                 0      0       0       2        0.0%
STACK                0      0       0       2        0.0%
BANK0               50      0       0       3        0.0%
BITSFR3              0      0       0       4        0.0%
SFR3                 0      0       0       4        0.0%
ABS                  0      0       0       4        0.0%
BITBANK0            50      0       0       5        0.0%
BITSFR2              0      0       0       5        0.0%
SFR2                 0      0       0       5        0.0%
BITBANK1            50      0       0       6        0.0%
BANK1               50      0       0       7        0.0%
BITBANK2            30      0       0       8        0.0%
BANK2               30      0       0       9        0.0%
DATA                 0      0       0      10        0.0%


Microchip Technology PIC Macro Assembler V2.10 build 88905656 
Symbol Table                                                                                   Sat Oct 26 14:34:03 2019

                     l25 07EE                       l28 07E0                       l45 07FD  
                    l673 07E1                      l681 07D7                      l675 07E5  
                    l683 07DA                      l677 07E8                      l685 07EF  
                    l679 07EA                     _main 07EF                     btemp 007E  
                   start 0000                    ?_main 0070                    _PORTA 0005  
                  _PORTB 0006                    _TRISA 0085                    _TRISB 0086  
                  status 0003                    wtemp0 007E          __initialization 07FE  
           __end_of_main 07FE                   ??_main 0074         ??_porta_A_config 0074  
       ??_porta_B_config 0074  __end_of__initialization 07FE           __pcstackCOMMON 0070  
         _OPTION_REGbits 0081               __pmaintext 07EF                _CMCONbits 001F  
                __ptext1 07D7                  __ptext2 07E1                _T1CONbits 0010  
              _T2CONbits 0012     end_of_initialization 07FE       porta_A_config@port 0072  
     porta_A_config@tris 0070                _VRCONbits 009F              _CCP1CONbits 0017  
     porta_B_config@port 0072       porta_B_config@tris 0070      start_initialization 07FE  
__size_of_porta_A_config 000E  __size_of_porta_B_config 000A                ___latbits 0000  
         _porta_A_config 07E1           _porta_B_config 07D7            __size_of_main 000F  
 __end_of_porta_A_config 07EF   __end_of_porta_B_config 07E1               _INTCONbits 000B  
        ?_porta_A_config 0070          ?_porta_B_config 0070  
